2019-10-06 18:38:06,579 INFO o.a.j.u.JMeterUtils: Setting Locale to en
2019-10-06 18:38:06,607 INFO o.a.j.JMeter: Loading user properties from: user.properties
2019-10-06 18:38:06,607 INFO o.a.j.JMeter: Loading system properties from: system.properties
2019-10-06 18:38:06,613 INFO o.a.j.JMeter: Copyright (c) 1998-2019 The Apache Software Foundation
2019-10-06 18:38:06,614 INFO o.a.j.JMeter: Version 5.1.1 r1855137
2019-10-06 18:38:06,614 INFO o.a.j.JMeter: java.version=1.8.0_131
2019-10-06 18:38:06,614 INFO o.a.j.JMeter: java.vm.name=Java HotSpot(TM) 64-Bit Server VM
2019-10-06 18:38:06,614 INFO o.a.j.JMeter: os.name=Mac OS X
2019-10-06 18:38:06,614 INFO o.a.j.JMeter: os.arch=x86_64
2019-10-06 18:38:06,614 INFO o.a.j.JMeter: os.version=10.14.6
2019-10-06 18:38:06,614 INFO o.a.j.JMeter: file.encoding=UTF-8
2019-10-06 18:38:06,614 INFO o.a.j.JMeter: java.awt.headless=null
2019-10-06 18:38:06,614 INFO o.a.j.JMeter: Max memory     =3817865216
2019-10-06 18:38:06,615 INFO o.a.j.JMeter: Available Processors =4
2019-10-06 18:38:06,623 INFO o.a.j.JMeter: Default Locale=français (France)
2019-10-06 18:38:06,623 INFO o.a.j.JMeter: JMeter  Locale=anglais
2019-10-06 18:38:06,623 INFO o.a.j.JMeter: JMeterHome=/Users/prt48/workspace/testing/apache-jmeter-5.1.1
2019-10-06 18:38:06,623 INFO o.a.j.JMeter: user.dir  =/Users/prt48/workspace/testing/apache-jmeter-5.1.1/bin
2019-10-06 18:38:06,623 INFO o.a.j.JMeter: PWD       =/Users/prt48/workspace/testing/apache-jmeter-5.1.1/bin
2019-10-06 18:38:06,636 INFO o.a.j.JMeter: IP: 192.168.0.19 Name: BOMACB-PRT48.local FullName: 192.168.0.19
2019-10-06 18:38:09,646 INFO o.a.j.g.a.LookAndFeelCommand: Installing Darcula LAF
2019-10-06 18:38:09,675 INFO o.a.j.g.a.LookAndFeelCommand: Using look and feel: com.bulenkov.darcula.DarculaLaf [Darcula]
2019-10-06 18:38:09,675 INFO o.a.j.JMeter: Setting LAF to: com.bulenkov.darcula.DarculaLaf
2019-10-06 18:38:09,832 INFO o.a.j.JMeter: Loaded icon properties from org/apache/jmeter/images/icon.properties
2019-10-06 18:38:13,546 INFO o.a.j.p.h.s.HTTPSamplerBase: Parser for text/html is org.apache.jmeter.protocol.http.parser.LagartoBasedHtmlParser
2019-10-06 18:38:13,547 INFO o.a.j.p.h.s.HTTPSamplerBase: Parser for application/xhtml+xml is org.apache.jmeter.protocol.http.parser.LagartoBasedHtmlParser
2019-10-06 18:38:13,547 INFO o.a.j.p.h.s.HTTPSamplerBase: Parser for application/xml is org.apache.jmeter.protocol.http.parser.LagartoBasedHtmlParser
2019-10-06 18:38:13,547 INFO o.a.j.p.h.s.HTTPSamplerBase: Parser for text/xml is org.apache.jmeter.protocol.http.parser.LagartoBasedHtmlParser
2019-10-06 18:38:13,547 INFO o.a.j.p.h.s.HTTPSamplerBase: Parser for text/vnd.wap.wml is org.apache.jmeter.protocol.http.parser.RegexpHTMLParser
2019-10-06 18:38:13,547 INFO o.a.j.p.h.s.HTTPSamplerBase: Parser for text/css is org.apache.jmeter.protocol.http.parser.CssParser
2019-10-06 18:38:14,187 INFO o.a.j.e.KeyToolUtils: keytool found at 'keytool'
2019-10-06 18:38:14,187 INFO o.a.j.p.h.p.ProxyControl: HTTP(S) Test Script Recorder SSL Proxy will use keys that support embedded 3rd party resources in file /Users/prt48/workspace/testing/apache-jmeter-5.1.1/bin/proxyserver.jks
2019-10-06 18:38:14,532 INFO o.a.j.s.FileServer: Default base='/Users/prt48/workspace/testing/apache-jmeter-5.1.1/bin'
2019-10-06 18:38:15,055 INFO o.a.j.s.SampleResult: Note: Sample TimeStamps are START times
2019-10-06 18:38:15,055 INFO o.a.j.s.SampleResult: sampleresult.default.encoding is set to ISO-8859-1
2019-10-06 18:38:15,055 INFO o.a.j.s.SampleResult: sampleresult.useNanoTime=true
2019-10-06 18:38:15,056 INFO o.a.j.s.SampleResult: sampleresult.nanoThreadSleep=5000
